2014-03-17 13:26:35,044 : the word is:dog
2014-03-17 13:26:39,713 : enterd character by the user is: d
2014-03-17 13:26:41,577 : enterd character by the user is: u
2014-03-17 13:26:43,537 : enterd character by the user is: w
2014-03-17 13:26:45,673 : enterd character by the user is: o
2014-03-17 13:26:47,145 : enterd character by the user is: g
2014-03-17 13:26:47,146 : user:%s win and finish the the game
2014-03-17 13:30:31,799 : the word is:parrot
2014-03-17 13:30:35,410 : The user guessed  is: p
2014-03-17 13:30:37,449 : The user guessed  is: a
2014-03-17 13:30:38,265 : The user guessed  is: r
2014-03-17 13:30:40,082 : The user guessed  is: y
2014-03-17 13:30:40,761 : The user guessed  is: h
2014-03-17 13:30:42,505 : The user guessed  is: g
2014-03-17 13:30:43,370 : The user guessed  is: j
2014-03-17 13:30:46,417 : The user guessed  is: b
2014-03-17 13:30:47,201 : The user guessed  is: d
2014-03-17 13:30:47,202 : The user lost and finish the game
2014-03-17 13:32:37,937 : the word is:hawk
2014-03-17 13:32:37,938 : ----
2014-03-17 13:32:41,194 : The user guessed  is: h
2014-03-17 13:32:42,849 : The user guessed  is: r
2014-03-17 13:32:44,289 : The user guessed  is: a
2014-03-17 13:32:45,482 : The user guessed  is: w
2014-03-17 13:32:46,801 : The user guessed  is: k
2014-03-17 13:32:46,802 : user:%s win and finish the the game
2014-03-17 13:36:40,599 : the word is:beaver
2014-03-17 13:36:48,186 : The user guessed  is: a
2014-03-17 13:37:21,547 : the word is:rabbit
2014-03-17 13:37:24,425 : The user guessed  is: r
2014-03-17 13:37:26,250 : The user guessed  is: a
2014-03-17 13:37:29,146 : The user guessed  is: g
2014-03-17 13:37:29,882 : The user guessed  is: d
2014-03-17 13:37:30,345 : The user guessed  is: b
2014-03-17 13:37:31,617 : The user guessed  is: i
2014-03-17 13:37:32,881 : The user guessed  is: f
2014-03-17 13:37:36,649 : The user guessed  is: h
2014-03-17 13:37:42,729 : The user guessed  is: t
2014-03-17 13:37:42,730 : The user win and finish the the game
2014-03-17 13:39:09,592 : the word is:baboon
2014-03-17 13:39:11,657 : The user guessed  is: a
2014-03-17 13:39:15,193 : The user guessed  is: o
2014-03-17 13:39:17,065 : The user guessed  is: b
2014-03-17 13:39:18,617 : The user guessed  is: w
2014-03-17 13:39:53,200 : the word is:ram
2014-03-17 13:39:55,370 : The user guessed  is: r
2014-03-17 13:39:56,137 : The user guessed  is: a
2014-03-17 13:39:57,162 : The user guessed  is: m
2014-03-17 13:39:57,162 : The user win and finish the the game
2014-03-17 14:17:40,605 : the word is:otter
2014-03-17 14:17:42,570 : The user guessed  is: a
2014-03-17 14:17:42,570 : 
  +---+
  |   |
  O   |
      |
      |
      |
=========
2014-03-17 14:17:44,690 : The user guessed  is: t
2014-03-17 14:17:44,690 : 
  +---+
  |   |
  O   |
      |
      |
      |
=========
2014-03-17 14:17:50,650 : The user guessed  is: p
2014-03-17 14:17:50,650 : 
  +---+
  |   |
  O   |
  |   |
      |
      |
=========
2014-03-17 14:17:51,890 : The user guessed  is: g
2014-03-17 14:17:51,890 : 
  +---+
  |   |
  O   |
 /|   |
      |
      |
=========
2014-03-17 14:17:52,818 : The user guessed  is: s
2014-03-17 14:17:52,818 : 
  +---+
  |   |
  O   |
 /|\  |
      |
      |
=========
2014-03-17 14:17:58,034 : The user guessed  is: o
2014-03-17 14:17:58,034 : 
  +---+
  |   |
  O   |
 /|\  |
      |
      |
=========
2014-03-17 14:17:59,378 : The user guessed  is: e
2014-03-17 14:17:59,378 : 
  +---+
  |   |
  O   |
 /|\  |
      |
      |
=========
2014-03-17 14:18:01,250 : The user guessed  is: r
2014-03-17 14:18:01,250 : 
  +---+
  |   |
  O   |
 /|\  |
      |
      |
=========
2014-03-17 14:18:01,250 : The user win and finish the the game
2014-03-17 14:20:22,580 : the word is:lion
2014-03-17 14:20:56,666 : The user guessed  is: l
2014-03-17 14:20:56,666 : 
  +---+
  |   |
      |
      |
      |
      |
=========
2014-03-17 14:20:59,546 : The user guessed  is: i
2014-03-17 14:20:59,546 : 
  +---+
  |   |
      |
      |
      |
      |
=========
2014-03-17 14:21:05,266 : The user guessed  is: d
2014-03-17 14:21:05,266 : Wrong guesses are: d
2014-03-17 14:21:05,266 : 
  +---+
  |   |
  O   |
      |
      |
      |
=========
2014-03-17 14:21:10,466 : The user guessed  is: o
2014-03-17 14:21:10,466 : 
  +---+
  |   |
  O   |
      |
      |
      |
=========
2014-03-17 14:21:12,354 : The user guessed  is: r
2014-03-17 14:21:12,354 : Wrong guesses are: dr
2014-03-17 14:21:12,354 : 
  +---+
  |   |
  O   |
  |   |
      |
      |
=========
2014-03-17 14:21:15,594 : The user guessed  is: n
2014-03-17 14:21:15,594 : 
  +---+
  |   |
  O   |
  |   |
      |
      |
=========
2014-03-17 14:21:15,595 : The user win and finish the the game
2014-03-17 14:23:45,331 : the word is:salmon
2014-03-17 14:23:51,138 : The user guessed  is: e
2014-03-17 14:23:51,138 : Wrong guesses are: e
2014-03-17 14:23:51,138 : 
  +---+
  |   |
  O   |
      |
      |
      |
=========
2014-03-17 14:23:51,138 : ------
2014-03-17 14:23:54,322 : The user guessed  is: s
2014-03-17 14:23:54,322 : Right guesses are: s 
2014-03-17 14:23:54,322 : 
  +---+
  |   |
  O   |
      |
      |
      |
=========
2014-03-17 14:23:54,322 : s-----
2014-03-17 14:23:55,698 : The user guessed  is: l
2014-03-17 14:23:55,698 : Right guesses are: sl 
2014-03-17 14:23:55,698 : 
  +---+
  |   |
  O   |
      |
      |
      |
=========
2014-03-17 14:23:55,698 : s-l---
2014-03-17 14:23:57,274 : The user guessed  is: m
2014-03-17 14:23:57,274 : Right guesses are: slm 
2014-03-17 14:23:57,274 : 
  +---+
  |   |
  O   |
      |
      |
      |
=========
2014-03-17 14:23:57,274 : s-lm--
2014-03-17 14:23:59,130 : The user guessed  is: p
2014-03-17 14:23:59,130 : Wrong guesses are: ep
2014-03-17 14:23:59,130 : 
  +---+
  |   |
  O   |
  |   |
      |
      |
=========
2014-03-17 14:23:59,130 : s-lm--
2014-03-17 14:24:00,938 : The user guessed  is: o
2014-03-17 14:24:00,938 : Right guesses are: slmo 
2014-03-17 14:24:00,938 : 
  +---+
  |   |
  O   |
  |   |
      |
      |
=========
2014-03-17 14:24:00,938 : s-lmo-
2014-03-17 14:24:02,378 : The user guessed  is: w
2014-03-17 14:24:02,378 : Wrong guesses are: epw
2014-03-17 14:24:02,378 : 
  +---+
  |   |
  O   |
 /|   |
      |
      |
=========
2014-03-17 14:24:02,378 : s-lmo-
2014-03-17 14:24:04,098 : The user guessed  is: n
2014-03-17 14:24:04,098 : Right guesses are: slmon 
2014-03-17 14:24:04,098 : 
  +---+
  |   |
  O   |
 /|   |
      |
      |
=========
2014-03-17 14:24:04,098 : s-lmon
2014-03-17 14:24:06,058 : The user guessed  is: a
2014-03-17 14:24:06,059 : Right guesses are: slmona 
2014-03-17 14:24:06,059 : 
  +---+
  |   |
  O   |
 /|   |
      |
      |
=========
2014-03-17 14:24:06,059 : salmon
2014-03-17 14:24:06,059 : The user win and finish the the game
2014-03-17 14:31:13,853 : The user start game
2014-03-17 14:31:13,856 : the word is:duck
2014-03-17 14:31:18,218 : The user guessed  is: w
2014-03-17 14:31:18,218 : Wrong guesses are: w
2014-03-17 14:31:18,218 : 
  +---+
  |   |
  O   |
      |
      |
      |
=========
2014-03-17 14:31:18,218 : ----
2014-03-17 14:31:19,970 : The user guessed  is: d
2014-03-17 14:31:19,970 : Right guesses are: d 
2014-03-17 14:31:19,970 : 
  +---+
  |   |
  O   |
      |
      |
      |
=========
2014-03-17 14:31:19,970 : d---
2014-03-17 14:31:26,650 : The user guessed  is: u
2014-03-17 14:31:26,650 : Right guesses are: du 
2014-03-17 14:31:26,650 : 
  +---+
  |   |
  O   |
      |
      |
      |
=========
2014-03-17 14:31:26,650 : du--
2014-03-17 14:31:28,219 : The user guessed  is: c
2014-03-17 14:31:28,219 : Right guesses are: duc 
2014-03-17 14:31:28,219 : 
  +---+
  |   |
  O   |
      |
      |
      |
=========
2014-03-17 14:31:28,219 : duc-
2014-03-17 14:31:29,490 : The user guessed  is: k
2014-03-17 14:31:29,490 : Right guesses are: duck 
2014-03-17 14:31:29,490 : 
  +---+
  |   |
  O   |
      |
      |
      |
=========
2014-03-17 14:31:29,490 : duck
2014-03-17 14:31:29,490 : The user win and finish the the game
2014-03-17 14:32:20,301 : The user start game
2014-03-17 14:32:20,303 : the word is:monkey
2014-03-17 14:32:25,122 : The user guessed  is: r
2014-03-17 14:32:25,122 : Wrong guesses are: r
2014-03-17 14:32:25,122 : 
  +---+
  |   |
  O   |
      |
      |
      |
=========
2014-03-17 14:32:25,122 : ------
2014-03-17 14:32:26,090 : The user guessed  is: m
2014-03-17 14:32:26,090 : Right guesses are: m 
2014-03-17 14:32:26,090 : 
  +---+
  |   |
  O   |
      |
      |
      |
=========
2014-03-17 14:32:26,090 : m-----
2014-03-17 14:32:28,090 : The user guessed  is: o
2014-03-17 14:32:28,090 : Right guesses are: mo 
2014-03-17 14:32:28,090 : 
  +---+
  |   |
  O   |
      |
      |
      |
=========
2014-03-17 14:32:28,090 : mo----
2014-03-17 14:32:28,946 : The user guessed  is: n
2014-03-17 14:32:28,946 : Right guesses are: mon 
2014-03-17 14:32:28,946 : 
  +---+
  |   |
  O   |
      |
      |
      |
=========
2014-03-17 14:32:28,946 : mon---
2014-03-17 14:32:30,058 : The user guessed  is: k
2014-03-17 14:32:30,058 : Right guesses are: monk 
2014-03-17 14:32:30,058 : 
  +---+
  |   |
  O   |
      |
      |
      |
=========
2014-03-17 14:32:30,058 : monk--
2014-03-17 14:32:31,106 : The user guessed  is: e
2014-03-17 14:32:31,107 : Right guesses are: monke 
2014-03-17 14:32:31,107 : 
  +---+
  |   |
  O   |
      |
      |
      |
=========
2014-03-17 14:32:31,107 : monke-
2014-03-17 14:32:31,722 : The user guessed  is: w
2014-03-17 14:32:31,722 : Wrong guesses are: rw
2014-03-17 14:32:31,722 : 
  +---+
  |   |
  O   |
  |   |
      |
      |
=========
2014-03-17 14:32:31,722 : monke-
2014-03-17 14:32:33,474 : The user guessed  is: y
2014-03-17 14:32:33,474 : Right guesses are: monkey 
2014-03-17 14:32:33,474 : 
  +---+
  |   |
  O   |
  |   |
      |
      |
=========
2014-03-17 14:32:33,474 : monkey
2014-03-17 14:32:33,474 : The user win and finish the the game
2014-03-18 08:47:16,272 : The user start game
2014-03-18 08:47:16,275 : the word is:beaver
2014-03-18 08:47:22,231 : The user guessed  is: r
2014-03-18 08:47:22,231 : Right guesses are: r 
2014-03-18 08:47:22,231 : 
  +---+
  |   |
      |
      |
      |
      |
=========
2014-03-18 08:47:22,231 : -----r
2014-03-18 08:47:25,119 : The user guessed  is: t
2014-03-18 08:47:25,119 : Wrong guesses are: t
2014-03-18 08:47:25,119 : 
  +---+
  |   |
  O   |
      |
      |
      |
=========
2014-03-18 08:47:25,119 : -----r
2014-03-18 08:47:26,911 : The user guessed  is: w
2014-03-18 08:47:26,911 : Wrong guesses are: tw
2014-03-18 08:47:26,911 : 
  +---+
  |   |
  O   |
  |   |
      |
      |
=========
2014-03-18 08:47:26,911 : -----r
2014-03-18 08:47:28,495 : The user guessed  is: e
2014-03-18 08:47:28,495 : Right guesses are: re 
2014-03-18 08:47:28,495 : 
  +---+
  |   |
  O   |
  |   |
      |
      |
=========
2014-03-18 08:47:28,495 : -e--er
2014-03-18 08:47:30,655 : The user guessed  is: b
2014-03-18 08:47:30,655 : Right guesses are: reb 
2014-03-18 08:47:30,655 : 
  +---+
  |   |
  O   |
  |   |
      |
      |
=========
2014-03-18 08:47:30,656 : be--er
2014-03-18 08:47:38,007 : The user guessed  is: v
2014-03-18 08:47:38,007 : Right guesses are: rebv 
2014-03-18 08:47:38,007 : 
  +---+
  |   |
  O   |
  |   |
      |
      |
=========
2014-03-18 08:47:38,007 : be-ver
2014-03-18 08:47:41,631 : The user guessed  is: q
2014-03-18 08:47:41,631 : Wrong guesses are: twq
2014-03-18 08:47:41,631 : 
  +---+
  |   |
  O   |
 /|   |
      |
      |
=========
2014-03-18 08:47:41,631 : be-ver
2014-03-18 08:47:43,071 : The user guessed  is: a
2014-03-18 08:47:43,071 : Right guesses are: rebva 
2014-03-18 08:47:43,071 : 
  +---+
  |   |
  O   |
 /|   |
      |
      |
=========
2014-03-18 08:47:43,071 : beaver
2014-03-18 08:47:43,071 : The user win and finish the the game
2014-03-18 09:32:34,117 : The user start game
2014-03-18 09:32:34,125 : the word is:deer
2014-03-18 09:32:42,215 :  Raly
2014-03-18 09:32:52,375 : The user guessed  is: q
2014-03-18 09:32:52,375 : Wrong guesses are: q
2014-03-18 09:32:52,376 : 
  +---+
  |   |
  O   |
      |
      |
      |
=========
2014-03-18 09:32:52,376 : ----
2014-03-18 09:32:54,775 : The user guessed  is: b
2014-03-18 09:32:54,775 : Wrong guesses are: qb
2014-03-18 09:32:54,775 : 
  +---+
  |   |
  O   |
  |   |
      |
      |
=========
2014-03-18 09:32:54,776 : ----
2014-03-18 09:32:56,879 : The user guessed  is: d
2014-03-18 09:32:56,879 : Right guesses are: d 
2014-03-18 09:32:56,880 : 
  +---+
  |   |
  O   |
  |   |
      |
      |
=========
2014-03-18 09:32:56,880 : d---
2014-03-18 09:32:58,207 : The user guessed  is: e
2014-03-18 09:32:58,207 : Right guesses are: de 
2014-03-18 09:32:58,207 : 
  +---+
  |   |
  O   |
  |   |
      |
      |
=========
2014-03-18 09:32:58,208 : dee-
2014-03-18 09:32:59,719 : The user guessed  is: r
2014-03-18 09:32:59,719 : Right guesses are: der 
2014-03-18 09:32:59,720 : 
  +---+
  |   |
  O   |
  |   |
      |
      |
=========
2014-03-18 09:32:59,720 : deer
2014-03-18 09:32:59,720 : The user win and finish the the game
2014-03-18 09:33:16,890 : The user start game
2014-03-18 09:33:16,893 : the word is:beaver
2014-03-18 09:33:20,631 : Rali
2014-03-18 09:33:28,639 : The user guessed  is: w
2014-03-18 09:33:28,639 : Wrong guesses are: w
2014-03-18 09:33:28,639 : 
  +---+
  |   |
  O   |
      |
      |
      |
=========
2014-03-18 09:33:28,640 : ------
2014-03-18 09:33:29,999 : The user guessed  is: b
2014-03-18 09:33:29,999 : Right guesses are: b 
2014-03-18 09:33:29,999 : 
  +---+
  |   |
  O   |
      |
      |
      |
=========
2014-03-18 09:33:30,000 : b-----
2014-03-18 09:33:30,735 : The user guessed  is: e
2014-03-18 09:33:30,735 : Right guesses are: be 
2014-03-18 09:33:30,736 : 
  +---+
  |   |
  O   |
      |
      |
      |
=========
2014-03-18 09:33:30,736 : be--e-
2014-03-18 09:33:31,327 : The user guessed  is: a
2014-03-18 09:33:31,327 : Right guesses are: bea 
2014-03-18 09:33:31,328 : 
  +---+
  |   |
  O   |
      |
      |
      |
=========
2014-03-18 09:33:31,328 : bea-e-
2014-03-18 09:33:34,847 : The user guessed  is: v
2014-03-18 09:33:34,847 : Right guesses are: beav 
2014-03-18 09:33:34,847 : 
  +---+
  |   |
  O   |
      |
      |
      |
=========
2014-03-18 09:33:34,848 : beave-
2014-03-18 09:33:41,271 : The user guessed  is: t
2014-03-18 09:33:41,272 : Wrong guesses are: wt
2014-03-18 09:33:41,272 : 
  +---+
  |   |
  O   |
  |   |
      |
      |
=========
2014-03-18 09:33:41,272 : beave-
2014-03-18 09:33:42,671 : The user guessed  is: r
2014-03-18 09:33:42,671 : Right guesses are: beavr 
2014-03-18 09:33:42,671 : 
  +---+
  |   |
  O   |
  |   |
      |
      |
=========
2014-03-18 09:33:42,672 : beaver
2014-03-18 09:33:42,672 : The user win and finish the the game
2014-03-18 09:35:12,198 : The user start game
2014-03-18 09:35:12,204 : the word is:eagle
2014-03-18 09:35:19,719 : The user's name is: Mariq
2014-03-18 09:35:28,024 : The user guessed  is: y
2014-03-18 09:35:28,025 : Wrong guesses are: y
2014-03-18 09:35:28,025 : 
  +---+
  |   |
  O   |
      |
      |
      |
=========
2014-03-18 09:35:28,025 : -----
2014-03-18 09:35:29,535 : The user guessed  is: p
2014-03-18 09:35:29,535 : Wrong guesses are: yp
2014-03-18 09:35:29,535 : 
  +---+
  |   |
  O   |
  |   |
      |
      |
=========
2014-03-18 09:35:29,536 : -----
2014-03-18 09:35:34,319 : The user guessed  is: e
2014-03-18 09:35:34,319 : Right guesses are: e 
2014-03-18 09:35:34,320 : 
  +---+
  |   |
  O   |
  |   |
      |
      |
=========
2014-03-18 09:35:34,320 : e---e
2014-03-18 09:35:35,655 : The user guessed  is: a
2014-03-18 09:35:35,655 : Right guesses are: ea 
2014-03-18 09:35:35,655 : 
  +---+
  |   |
  O   |
  |   |
      |
      |
=========
2014-03-18 09:35:35,656 : ea--e
2014-03-18 09:35:37,079 : The user guessed  is: f
2014-03-18 09:35:37,079 : Wrong guesses are: ypf
2014-03-18 09:35:37,079 : 
  +---+
  |   |
  O   |
 /|   |
      |
      |
=========
2014-03-18 09:35:37,080 : ea--e
2014-03-18 09:35:38,391 : The user guessed  is: l
2014-03-18 09:35:38,391 : Right guesses are: eal 
2014-03-18 09:35:38,392 : 
  +---+
  |   |
  O   |
 /|   |
      |
      |
=========
2014-03-18 09:35:38,392 : ea-le
2014-03-18 09:35:41,407 : The user guessed  is: q
2014-03-18 09:35:41,407 : Wrong guesses are: ypfq
2014-03-18 09:35:41,408 : 
  +---+
  |   |
  O   |
 /|\  |
      |
      |
=========
2014-03-18 09:35:41,408 : ea-le
2014-03-18 09:35:43,671 : The user guessed  is: m
2014-03-18 09:35:43,671 : Wrong guesses are: ypfqm
2014-03-18 09:35:43,671 : 
  +---+
  |   |
  O   |
 /|\  |
 /    |
      |
=========
2014-03-18 09:35:43,672 : ea-le
2014-03-18 09:35:45,719 : The user guessed  is: x
2014-03-18 09:35:45,719 : Wrong guesses are: ypfqmx
2014-03-18 09:35:45,719 : 
  +---+
  |   |
  O   |
 /|\  |
 / \  |
      |
=========
2014-03-18 09:35:45,720 : ea-le
2014-03-18 09:35:45,720 : The user lost and finish the game
2014-03-18 13:33:44,433 : The user start game
2014-03-18 13:33:44,436 : the word is:skunk
2014-03-18 13:33:53,440 : The user's name is: Petq
2014-03-18 13:34:06,264 : The user guessed  is: t
2014-03-18 13:34:06,264 : Wrong guesses are: t
2014-03-18 13:34:06,265 : 
  +---+
  |   |
  O   |
      |
      |
      |
=========
2014-03-18 13:34:06,265 : -----
2014-03-18 13:34:09,912 : The user guessed  is: s
2014-03-18 13:34:09,913 : Right guesses are: s 
2014-03-18 13:34:09,913 : 
  +---+
  |   |
  O   |
      |
      |
      |
=========
2014-03-18 13:34:09,913 : s----
2014-03-18 13:34:11,648 : The user guessed  is: u
2014-03-18 13:34:11,649 : Right guesses are: su 
2014-03-18 13:34:11,649 : 
  +---+
  |   |
  O   |
      |
      |
      |
=========
2014-03-18 13:34:11,649 : s-u--
2014-03-18 13:34:13,320 : The user guessed  is: k
2014-03-18 13:34:13,320 : Right guesses are: suk 
2014-03-18 13:34:13,321 : 
  +---+
  |   |
  O   |
      |
      |
      |
=========
2014-03-18 13:34:13,321 : sku-k
2014-03-18 13:34:16,672 : The user guessed  is: p
2014-03-18 13:34:16,673 : Wrong guesses are: tp
2014-03-18 13:34:16,673 : 
  +---+
  |   |
  O   |
  |   |
      |
      |
=========
2014-03-18 13:34:16,673 : sku-k
2014-03-18 13:34:18,312 : The user guessed  is: n
2014-03-18 13:34:18,312 : Right guesses are: sukn 
2014-03-18 13:34:18,313 : 
  +---+
  |   |
  O   |
  |   |
      |
      |
=========
2014-03-18 13:34:18,313 : skunk
2014-03-18 13:34:18,313 : The user win and finish the the game
2014-03-18 14:14:26,993 : The user start game
2014-03-18 14:14:26,993 : the word is:coyote
2014-03-18 14:14:36,207 : The user's name is: Rali
2014-03-18 14:14:48,015 : The user guessed  is: c
2014-03-18 14:14:48,016 : Right guesses are: c 
2014-03-18 14:14:48,016 : 
  +---+
  |   |
      |
      |
      |
      |
=========
2014-03-18 14:14:48,016 : c-----
2014-03-18 14:14:49,727 : The user guessed  is: g
2014-03-18 14:14:49,727 : Wrong guesses are: g
2014-03-18 14:14:49,728 : 
  +---+
  |   |
  O   |
      |
      |
      |
=========
2014-03-18 14:14:49,728 : c-----
2014-03-18 14:14:51,375 : The user guessed  is: a
2014-03-18 14:14:51,375 : Wrong guesses are: ga
2014-03-18 14:14:51,376 : 
  +---+
  |   |
  O   |
  |   |
      |
      |
=========
2014-03-18 14:14:51,376 : c-----
2014-03-18 14:14:55,679 : The user guessed  is: o
2014-03-18 14:14:55,679 : Right guesses are: co 
2014-03-18 14:14:55,680 : 
  +---+
  |   |
  O   |
  |   |
      |
      |
=========
2014-03-18 14:14:55,680 : co-o--
2014-03-18 14:14:57,311 : The user guessed  is: y
2014-03-18 14:14:57,311 : Right guesses are: coy 
2014-03-18 14:14:57,312 : 
  +---+
  |   |
  O   |
  |   |
      |
      |
=========
2014-03-18 14:14:57,312 : coyo--
2014-03-18 14:14:58,647 : The user guessed  is: t
2014-03-18 14:14:58,647 : Right guesses are: coyt 
2014-03-18 14:14:58,648 : 
  +---+
  |   |
  O   |
  |   |
      |
      |
=========
2014-03-18 14:14:58,648 : coyot-
2014-03-18 14:14:59,871 : The user guessed  is: e
2014-03-18 14:14:59,871 : Right guesses are: coyte 
2014-03-18 14:14:59,872 : 
  +---+
  |   |
  O   |
  |   |
      |
      |
=========
2014-03-18 14:14:59,872 : coyote
2014-03-18 14:14:59,872 : The user win and finish the the game
2014-03-18 14:15:27,093 : The user start game
2014-03-18 14:15:27,093 : the word is:cat
2014-03-18 14:15:37,479 : The user's name is: raly
2014-03-18 14:15:39,719 : The user guessed  is: c
2014-03-18 14:15:39,719 : Right guesses are: c 
2014-03-18 14:15:39,720 : 
  +---+
  |   |
      |
      |
      |
      |
=========
2014-03-18 14:15:39,720 : c--
2014-03-18 14:15:40,103 : The user guessed  is: a
2014-03-18 14:15:40,103 : Right guesses are: ca 
2014-03-18 14:15:40,104 : 
  +---+
  |   |
      |
      |
      |
      |
=========
2014-03-18 14:15:40,104 : ca-
2014-03-18 14:15:41,039 : The user guessed  is: t
2014-03-18 14:15:41,039 : Right guesses are: cat 
2014-03-18 14:15:41,040 : 
  +---+
  |   |
      |
      |
      |
      |
=========
2014-03-18 14:15:41,040 : cat
2014-03-18 14:15:41,040 : The user win and finish the the game
2014-03-18 15:01:45,390 : The user start game
2014-03-18 15:01:45,391 : the word is:trout
2014-03-18 15:06:20,362 : The user start game
2014-03-18 15:06:20,363 : the word is:spider
2014-03-18 15:13:10,225 : The user start game
2014-03-18 15:13:10,226 : the word is:owl
2014-03-18 15:13:44,137 : The user's name is: Raly
2014-03-18 15:16:14,962 : The user start game
2014-03-18 15:17:22,279 : The user start game
2014-03-18 15:17:22,282 : the word is:otter
2014-03-18 15:17:27,393 : The user's name is: raly
2014-03-18 15:37:03,484 : The user start game
2014-03-18 15:37:03,487 : the word is:mule
2014-03-18 15:39:30,518 : The user start game
2014-03-18 15:39:30,521 : the word is:camel
2014-03-18 15:39:34,697 : The user's name is: Raly
2014-03-31 09:09:30,701 : The user start game
2014-03-31 09:09:30,748 : the word is:camel
2014-03-31 09:09:34,064 : The user's name is: rally
