2014-03-18 12:04:45,948 : The user start game
2014-03-18 12:04:45,949 : the word is:camel
2014-03-18 12:04:54,904 : The user's name is: Raly
2014-03-18 12:05:06,720 : The user guessed  is: r
2014-03-18 12:05:06,720 : Wrong guesses are: r
2014-03-18 12:05:06,720 : 
  +---+
  |   |
  O   |
      |
      |
      |
=========
2014-03-18 12:05:06,720 : -----
2014-03-18 12:05:12,576 : The user guessed  is: w
2014-03-18 12:05:12,576 : Wrong guesses are: rw
2014-03-18 12:05:12,576 : 
  +---+
  |   |
  O   |
  |   |
      |
      |
=========
2014-03-18 12:05:12,576 : -----
2014-03-18 12:05:24,304 : The user guessed  is: b
2014-03-18 12:05:24,304 : Wrong guesses are: rwb
2014-03-18 12:05:24,304 : 
  +---+
  |   |
  O   |
 /|   |
      |
      |
=========
2014-03-18 12:05:24,304 : -----
2014-03-18 12:05:26,144 : The user guessed  is: j
2014-03-18 12:05:26,144 : Wrong guesses are: rwbj
2014-03-18 12:05:26,144 : 
  +---+
  |   |
  O   |
 /|\  |
      |
      |
=========
2014-03-18 12:05:26,144 : -----
2014-03-18 12:05:29,576 : The user guessed  is: l
2014-03-18 12:05:29,576 : Right guesses are: l 
2014-03-18 12:05:29,576 : 
  +---+
  |   |
  O   |
 /|\  |
      |
      |
=========
2014-03-18 12:05:29,576 : ----l
2014-03-18 12:05:40,296 : The user guessed  is: g
2014-03-18 12:05:40,296 : Wrong guesses are: rwbjg
2014-03-18 12:05:40,296 : 
  +---+
  |   |
  O   |
 /|\  |
 /    |
      |
=========
2014-03-18 12:05:40,296 : ----l
2014-03-18 12:05:49,688 : The user guessed  is: m
2014-03-18 12:05:49,688 : Right guesses are: lm 
2014-03-18 12:05:49,688 : 
  +---+
  |   |
  O   |
 /|\  |
 /    |
      |
=========
2014-03-18 12:05:49,688 : --m-l
2014-03-18 12:05:53,472 : The user guessed  is: v
2014-03-18 12:05:53,472 : Wrong guesses are: rwbjgv
2014-03-18 12:05:53,472 : 
  +---+
  |   |
  O   |
 /|\  |
 / \  |
      |
=========
2014-03-18 12:05:53,472 : --m-l
2014-03-18 12:05:53,472 : The user lost and finish the game
2014-03-18 12:22:13,421 : The user start game
